<?xml version="1.0" encoding="UTF-8"?>
<testng-results ignored="0" total="1" passed="1" failed="0" skipped="0">
  <reporter-output>
  </reporter-output>
  <suite started-at="2026-06-15T12:01:56 IST" name="Default suite" finished-at="2026-06-15T12:02:03 IST" duration-ms="6912">
    <groups>
      <group name="cucumber">
        <method signature="AbstractTestNGCucumberTests.runScenario(io.cucumber.testng.PickleWrapper,io.cucumber.testng.FeatureWrapper)[pri:0, instance:runner.TestRunner@4d0d9fe7]" name="runScenario" class="io.cucumber.testng.AbstractTestNGCucumberTests"/>
      </group> <!-- cucumber -->
    </groups>
    <test started-at="2026-06-15T12:01:56 IST" name="Default test" finished-at="2026-06-15T12:02:03 IST" duration-ms="6912">
      <class name="runner.TestRunner">
        <test-method is-config="true" signature="setUpClass(org.testng.ITestContext)[pri:0, instance:runner.TestRunner@4d0d9fe7]" started-at="2026-06-15T12:01:57 IST" name="setUpClass" finished-at="2026-06-15T12:01:57 IST" duration-ms="882" status="PASS">
          <params>
            <param index="0">
              <value>
                <![CDATA[org.testng.TestRunner@2525a5b8]]>
              </value>
            </param>
          </params>
          <reporter-output>
          </reporter-output>
        </test-method> <!-- setUpClass -->
        <test-method signature="runScenario(io.cucumber.testng.PickleWrapper,io.cucumber.testng.FeatureWrapper)[pri:0, instance:runner.TestRunner@4d0d9fe7]" started-at="2026-06-15T12:01:57 IST" name="runScenario" description="Runs Cucumber Scenarios" data-provider="scenarios" finished-at="2026-06-15T12:02:03 IST" duration-ms="5919" status="PASS">
          <params>
            <param index="0">
              <value>
                <![CDATA["Find Product names"]]>
              </value>
            </param>
            <param index="1">
              <value>
                <![CDATA["TestAddToCart"]]>
              </value>
            </param>
          </params>
          <reporter-output>
          </reporter-output>
        </test-method> <!-- runScenario -->
        <test-method is-config="true" signature="tearDownClass()[pri:0, instance:runner.TestRunner@4d0d9fe7]" started-at="2026-06-15T12:02:03 IST" name="tearDownClass" finished-at="2026-06-15T12:02:03 IST" duration-ms="36" status="PASS">
          <reporter-output>
          </reporter-output>
        </test-method> <!-- tearDownClass -->
      </class> <!-- runner.TestRunner -->
    </test> <!-- Default test -->
  </suite> <!-- Default suite -->
</testng-results>
